Start testing: Apr 01 01:27 EDT
----------------------------------------------------------
1/10 Testing: test_activation
1/10 Test: test_activation
Command: "/home/rthu/l3/kernel-extraction/ncnn/c-partially-optimized/tests/build/test_activation"
Directory: /home/rthu/l3/kernel-extraction/ncnn/c-partially-optimized/tests/build
"test_activation" start time: Apr 01 01:27 EDT
Output:
----------------------------------------------------------
=== test_activation ===
  PASS  test_absval
  PASS  test_relu
  PASS  test_leakyrelu
  PASS  test_elu
  PASS  test_gelu_exact
  PASS  test_gelu_fast
  PASS  test_sigmoid
  PASS  test_tanh
  PASS  test_swish
  PASS  test_hardswish
  PASS  test_hardsigmoid
  PASS  test_selu
  PASS  test_celu
  PASS  test_clip
  PASS  test_mish
  PASS  test_softplus
  PASS  test_prelu
  PASS  test_bnll
  PASS  test_erf_activation
  PASS  test_exp_activation
  PASS  test_log_activation
  PASS  test_power_activation
  PASS  test_shrink
  PASS  test_threshold
  PASS  test_relu_batch
  PASS  test_sigmoid_symmetry

[activation]  26 / 26 passed
<end of output>
Test time =   0.00 sec
----------------------------------------------------------
Test Passed.
"test_activation" end time: Apr 01 01:27 EDT
"test_activation" time elapsed: 00:00:00
----------------------------------------------------------

2/10 Testing: test_conv
2/10 Test: test_conv
Command: "/home/rthu/l3/kernel-extraction/ncnn/c-partially-optimized/tests/build/test_conv"
Directory: /home/rthu/l3/kernel-extraction/ncnn/c-partially-optimized/tests/build
"test_conv" start time: Apr 01 01:27 EDT
Output:
----------------------------------------------------------
=== test_conv ===
  PASS  test_conv2d_1x1
  PASS  test_conv2d_3x3_no_pad
  PASS  test_conv2d_with_bias
  PASS  test_conv2d_stride2
  PASS  test_conv2d_dilation
  PASS  test_conv2d_multi_channel
  PASS  test_depthwise_conv2d
  PASS  test_deconv2d_stride2
  PASS  test_conv1d_basic
  PASS  test_conv2d_padding_same
  PASS  test_conv2d_output_shape

[conv]  11 / 11 passed
<end of output>
Test time =   0.00 sec
----------------------------------------------------------
Test Passed.
"test_conv" end time: Apr 01 01:27 EDT
"test_conv" time elapsed: 00:00:00
----------------------------------------------------------

3/10 Testing: test_gemm
3/10 Test: test_gemm
Command: "/home/rthu/l3/kernel-extraction/ncnn/c-partially-optimized/tests/build/test_gemm"
Directory: /home/rthu/l3/kernel-extraction/ncnn/c-partially-optimized/tests/build
"test_gemm" start time: Apr 01 01:27 EDT
Output:
----------------------------------------------------------
=== test_gemm ===
  PASS  test_matmul_square
  PASS  test_matmul_rect
  PASS  test_matmul_vec_dot
  PASS  test_gemm_alpha_beta
  PASS  test_gemm_transA
  PASS  test_gemm_transB
  PASS  test_innerproduct_basic
  PASS  test_innerproduct_no_bias
  PASS  test_innerproduct_batch
  PASS  test_matmul_identity
  PASS  test_gemm_broadcast_C_scalar
  PASS  test_matmul_1d_dot
  PASS  test_innerproduct_multi_output

[gemm]  13 / 13 passed
<end of output>
Test time =   0.00 sec
----------------------------------------------------------
Test Passed.
"test_gemm" end time: Apr 01 01:27 EDT
"test_gemm" time elapsed: 00:00:00
----------------------------------------------------------

4/10 Testing: test_norm
4/10 Test: test_norm
Command: "/home/rthu/l3/kernel-extraction/ncnn/c-partially-optimized/tests/build/test_norm"
Directory: /home/rthu/l3/kernel-extraction/ncnn/c-partially-optimized/tests/build
"test_norm" start time: Apr 01 01:27 EDT
Output:
----------------------------------------------------------
=== test_norm ===
  PASS  test_layernorm_basic
  PASS  test_layernorm_affine
  PASS  test_layernorm_constant_input
  PASS  test_rmsnorm_basic
  PASS  test_rmsnorm_with_gamma
  PASS  test_batchnorm_basic
  PASS  test_batchnorm_scale_bias
  PASS  test_instancenorm
  PASS  test_groupnorm_basic
  PASS  test_lrn_basic
  PASS  test_mvn_mean_only
  PASS  test_mvn_full
  PASS  test_normalize_l2

[norm]  13 / 13 passed
<end of output>
Test time =   0.00 sec
----------------------------------------------------------
Test Passed.
"test_norm" end time: Apr 01 01:27 EDT
"test_norm" time elapsed: 00:00:00
----------------------------------------------------------

5/10 Testing: test_recurrent
5/10 Test: test_recurrent
Command: "/home/rthu/l3/kernel-extraction/ncnn/c-partially-optimized/tests/build/test_recurrent"
Directory: /home/rthu/l3/kernel-extraction/ncnn/c-partially-optimized/tests/build
"test_recurrent" start time: Apr 01 01:27 EDT
Output:
----------------------------------------------------------
=== test_recurrent ===
  PASS  test_lstm_zero_input
  PASS  test_lstm_forget_gate_closed
  PASS  test_lstm_input_gate_closed
  PASS  test_lstm_multi_step
  PASS  test_gru_zero_weights
  PASS  test_gru_reset_gate_open
  PASS  test_gru_update_gate_closed
  PASS  test_rnn_step_basic
  PASS  test_rnn_step_with_hidden
  PASS  test_rnn_bounds

[recurrent]  10 / 10 passed
<end of output>
Test time =   0.00 sec
----------------------------------------------------------
Test Passed.
"test_recurrent" end time: Apr 01 01:27 EDT
"test_recurrent" time elapsed: 00:00:00
----------------------------------------------------------

6/10 Testing: test_reduction
6/10 Test: test_reduction
Command: "/home/rthu/l3/kernel-extraction/ncnn/c-partially-optimized/tests/build/test_reduction"
Directory: /home/rthu/l3/kernel-extraction/ncnn/c-partially-optimized/tests/build
"test_reduction" start time: Apr 01 01:27 EDT
Output:
----------------------------------------------------------
=== test_reduction ===
  PASS  test_max_pool_2x2
  PASS  test_avg_pool_2x2
  PASS  test_global_avg_pool
  PASS  test_max_pool_1x1_noop
  PASS  test_avg_pool_single_element
  PASS  test_softmax_1d
  PASS  test_softmax_uniform
  PASS  test_softmax_numerical_stability
  PASS  test_softmax_axis1_2d
  PASS  test_reduction_sum
  PASS  test_reduction_mean
  PASS  test_reduction_max_min
  PASS  test_reduction_prod
  PASS  test_reduction_l1_l2
  PASS  test_reduction_logsumexp
  PASS  test_argmax_basic
  PASS  test_argmax_negative
  PASS  test_cumulativesum
  PASS  test_statisticspooling_mean_std

[reduction]  19 / 19 passed
<end of output>
Test time =   0.00 sec
----------------------------------------------------------
Test Passed.
"test_reduction" end time: Apr 01 01:27 EDT
"test_reduction" time elapsed: 00:00:00
----------------------------------------------------------

7/10 Testing: test_tensor
7/10 Test: test_tensor
Command: "/home/rthu/l3/kernel-extraction/ncnn/c-partially-optimized/tests/build/test_tensor"
Directory: /home/rthu/l3/kernel-extraction/ncnn/c-partially-optimized/tests/build
"test_tensor" start time: Apr 01 01:27 EDT
Output:
----------------------------------------------------------
=== test_tensor ===
  PASS  test_binaryop_add
  PASS  test_binaryop_sub
  PASS  test_binaryop_mul
  PASS  test_binaryop_div
  PASS  test_binaryop_pow
  PASS  test_binaryop_max_min
  PASS  test_binaryop_scalar
  PASS  test_unaryop_abs
  PASS  test_unaryop_neg
  PASS  test_unaryop_sqrt
  PASS  test_unaryop_square
  PASS  test_unaryop_exp
  PASS  test_unaryop_log
  PASS  test_unaryop_floor
  PASS  test_unaryop_ceil
  PASS  test_unaryop_recip
  PASS  test_padding_constant_zero
  PASS  test_padding_constant_value
  PASS  test_padding_replicate
  PASS  test_concat_channels
  PASS  test_concat_w
  PASS  test_concat_three_inputs
  PASS  test_reshape_size_preserved
  PASS  test_flatten
  PASS  test_tile_basic
  PASS  test_flip_horizontal
  PASS  test_dropout_identity

[tensor]  27 / 27 passed
<end of output>
Test time =   0.00 sec
----------------------------------------------------------
Test Passed.
"test_tensor" end time: Apr 01 01:27 EDT
"test_tensor" time elapsed: 00:00:00
----------------------------------------------------------

8/10 Testing: test_quant
8/10 Test: test_quant
Command: "/home/rthu/l3/kernel-extraction/ncnn/c-partially-optimized/tests/build/test_quant"
Directory: /home/rthu/l3/kernel-extraction/ncnn/c-partially-optimized/tests/build
"test_quant" start time: Apr 01 01:27 EDT
Output:
----------------------------------------------------------
=== test_quant ===
  PASS  test_quantize_basic
  PASS  test_quantize_scale
  PASS  test_quantize_clamp
  PASS  test_quantize_negative
  PASS  test_dequantize_basic
  PASS  test_dequantize_scale
  PASS  test_dequantize_with_bias
  PASS  test_quantize_dequantize_roundtrip
  PASS  test_requantize_no_activation
  PASS  test_requantize_relu
  PASS  test_requantize_clip
  PASS  test_requantize_with_bias
  PASS  test_quantize_perchannel
  PASS  test_dequantize_perchannel
  PASS  test_dequantize_perchannel_with_bias
  PASS  test_quantize_range

[quant]  16 / 16 passed
<end of output>
Test time =   0.00 sec
----------------------------------------------------------
Test Passed.
"test_quant" end time: Apr 01 01:27 EDT
"test_quant" time elapsed: 00:00:00
----------------------------------------------------------

9/10 Testing: test_other
9/10 Test: test_other
Command: "/home/rthu/l3/kernel-extraction/ncnn/c-partially-optimized/tests/build/test_other"
Directory: /home/rthu/l3/kernel-extraction/ncnn/c-partially-optimized/tests/build
"test_other" start time: Apr 01 01:27 EDT
Output:
----------------------------------------------------------
=== test_other ===
  PASS  test_embed_basic
  PASS  test_embed_with_bias
  PASS  test_embed_oob_clamp
  PASS  test_rope_split_identity
  PASS  test_rope_split_90deg
  PASS  test_rope_interleaved_identity
  PASS  test_rope_norm_preserving
  PASS  test_roi_pool_full_region
  PASS  test_roi_pool_single_cell
  PASS  test_iou_no_overlap
  PASS  test_iou_full_overlap
  PASS  test_iou_partial_overlap
  PASS  test_hann_window
  PASS  test_noop_passthrough

[other]  14 / 14 passed
<end of output>
Test time =   0.00 sec
----------------------------------------------------------
Test Passed.
"test_other" end time: Apr 01 01:27 EDT
"test_other" time elapsed: 00:00:00
----------------------------------------------------------

10/10 Testing: test_attention
10/10 Test: test_attention
Command: "/home/rthu/l3/kernel-extraction/ncnn/c-partially-optimized/tests/build/test_attention"
Directory: /home/rthu/l3/kernel-extraction/ncnn/c-partially-optimized/tests/build
"test_attention" start time: Apr 01 01:27 EDT
Output:
----------------------------------------------------------
=== test_attention (real ncnn::SDPA + ncnn::MultiHeadAttention) ===

-- SDPA --
  PASS  test_sdpa_uniform_attention
  PASS  test_sdpa_sharp_attention
  PASS  test_sdpa_output_shape
  PASS  test_sdpa_causal_mask
  PASS  test_sdpa_scale_effect
  PASS  test_sdpa_multi_head
  PASS  test_sdpa_matches_reference

-- MultiHeadAttention --
  PASS  test_mha_identity_weights
  PASS  test_mha_output_shape

[attention]  9 / 9 passed
<end of output>
Test time =   0.00 sec
----------------------------------------------------------
Test Passed.
"test_attention" end time: Apr 01 01:27 EDT
"test_attention" time elapsed: 00:00:00
----------------------------------------------------------

End testing: Apr 01 01:27 EDT
